   1               		.file	"nrk_idle_task.c"
   2               	__SREG__ = 0x3f
   3               	__SP_H__ = 0x3e
   4               	__SP_L__ = 0x3d
   5               	__tmp_reg__ = 0
   6               	__zero_reg__ = 1
   7               		.global __do_copy_data
   8               		.global __do_clear_bss
  11               		.text
  12               	.Ltext0:
 135               	.global	nrk_idle_task
 137               	nrk_idle_task:
 138               		.stabd	46,0,0
   1:../../src/kernel/source/nrk_idle_task.c **** /******************************************************************************
   2:../../src/kernel/source/nrk_idle_task.c **** *  Nano-RK, a real-time operating system for sensor networks.
   3:../../src/kernel/source/nrk_idle_task.c **** *  Copyright (C) 2007, Real-Time and Multimedia Lab, Carnegie Mellon University
   4:../../src/kernel/source/nrk_idle_task.c **** *  All rights reserved.
   5:../../src/kernel/source/nrk_idle_task.c **** *
   6:../../src/kernel/source/nrk_idle_task.c **** *  This is the Open Source Version of Nano-RK included as part of a Dual
   7:../../src/kernel/source/nrk_idle_task.c **** *  Licensing Model. If you are unsure which license to use please refer to:
   8:../../src/kernel/source/nrk_idle_task.c **** *  http://www.nanork.org/nano-RK/wiki/Licensing
   9:../../src/kernel/source/nrk_idle_task.c **** *
  10:../../src/kernel/source/nrk_idle_task.c **** *  This program is free software: you can redistribute it and/or modify
  11:../../src/kernel/source/nrk_idle_task.c **** *  it under the terms of the GNU General Public License as published by
  12:../../src/kernel/source/nrk_idle_task.c **** *  the Free Software Foundation, version 2.0 of the License.
  13:../../src/kernel/source/nrk_idle_task.c **** *
  14:../../src/kernel/source/nrk_idle_task.c **** *  This program is distributed in the hope that it will be useful,
  15:../../src/kernel/source/nrk_idle_task.c **** *  but WITHOUT ANY WARRANTY; without even the implied warranty of
  16:../../src/kernel/source/nrk_idle_task.c **** *  MERCHANTABILITY or FITNESS FOR A PARTICULAR PURPOSE.  See the
  17:../../src/kernel/source/nrk_idle_task.c **** *  GNU General Public License for more details.
  18:../../src/kernel/source/nrk_idle_task.c **** *
  19:../../src/kernel/source/nrk_idle_task.c **** *  You should have received a copy of the GNU General Public License
  20:../../src/kernel/source/nrk_idle_task.c **** *  along with this program.  If not, see <http://www.gnu.org/licenses/>.
  21:../../src/kernel/source/nrk_idle_task.c **** *
  22:../../src/kernel/source/nrk_idle_task.c **** *  Contributing Authors (specific to this file):
  23:../../src/kernel/source/nrk_idle_task.c **** *  Anthony Rowe
  24:../../src/kernel/source/nrk_idle_task.c **** *******************************************************************************/
  25:../../src/kernel/source/nrk_idle_task.c **** 
  26:../../src/kernel/source/nrk_idle_task.c **** #include <nrk.h>
  27:../../src/kernel/source/nrk_idle_task.c **** #include <nrk_idle_task.h>
  28:../../src/kernel/source/nrk_idle_task.c **** #include <nrk_cpu.h>
  29:../../src/kernel/source/nrk_idle_task.c **** #include <nrk_cfg.h>
  30:../../src/kernel/source/nrk_idle_task.c **** #include <nrk_stack_check.h>
  31:../../src/kernel/source/nrk_idle_task.c **** #include <nrk_error.h>
  32:../../src/kernel/source/nrk_idle_task.c **** #include <nrk_timer.h>
  33:../../src/kernel/source/nrk_idle_task.c **** #include <nrk_platform_time.h>
  34:../../src/kernel/source/nrk_idle_task.c **** #include <nrk_scheduler.h>
  35:../../src/kernel/source/nrk_idle_task.c **** #include <stdio.h>
  36:../../src/kernel/source/nrk_idle_task.c **** 
  37:../../src/kernel/source/nrk_idle_task.c **** void nrk_idle_task()
  38:../../src/kernel/source/nrk_idle_task.c **** {
 140               	.LM0:
 141               	.LFBB1:
 142               	/* prologue: frame size=0 */
 143               	/* prologue end (size=0) */
 144               	.L14:
  39:../../src/kernel/source/nrk_idle_task.c **** volatile unsigned char *stkc;
  40:../../src/kernel/source/nrk_idle_task.c **** // unsigned int *stk ;  // 2 bytes
  41:../../src/kernel/source/nrk_idle_task.c **** while(1)
  42:../../src/kernel/source/nrk_idle_task.c **** {
  43:../../src/kernel/source/nrk_idle_task.c **** 
  44:../../src/kernel/source/nrk_idle_task.c ****   nrk_stack_check(); 
 146               	.LM1:
 147 0000 0E94 0000 		call nrk_stack_check
  45:../../src/kernel/source/nrk_idle_task.c ****   
  46:../../src/kernel/source/nrk_idle_task.c ****   if(_nrk_get_next_wakeup()<=NRK_SLEEP_WAKEUP_TIME) 
 149               	.LM2:
 150 0004 0E94 0000 		call _nrk_get_next_wakeup
 151 0008 8B30      		cpi r24,lo8(11)
 152 000a 00F4      		brsh .L4
  47:../../src/kernel/source/nrk_idle_task.c ****     {
  48:../../src/kernel/source/nrk_idle_task.c **** 	    _nrk_cpu_state=CPU_IDLE;
 154               	.LM3:
 155 000c 81E0      		ldi r24,lo8(1)
 156 000e 8093 0000 		sts _nrk_cpu_state,r24
  49:../../src/kernel/source/nrk_idle_task.c **** 	    nrk_idle();
 158               	.LM4:
 159 0012 0E94 0000 		call nrk_idle
 160 0016 00C0      		rjmp .L6
 161               	.L4:
  50:../../src/kernel/source/nrk_idle_task.c ****     }
  51:../../src/kernel/source/nrk_idle_task.c ****     else {
  52:../../src/kernel/source/nrk_idle_task.c **** 	#ifndef NRK_NO_POWER_DOWN
  53:../../src/kernel/source/nrk_idle_task.c **** 	    // Allow last UART byte to get out
  54:../../src/kernel/source/nrk_idle_task.c ****     	    nrk_spin_wait_us(10);  
 163               	.LM5:
 164 0018 8AE0      		ldi r24,lo8(10)
 165 001a 90E0      		ldi r25,hi8(10)
 166 001c 0E94 0000 		call nrk_spin_wait_us
  55:../../src/kernel/source/nrk_idle_task.c **** 	    _nrk_cpu_state=CPU_SLEEP;
 168               	.LM6:
 169 0020 82E0      		ldi r24,lo8(2)
 170 0022 8093 0000 		sts _nrk_cpu_state,r24
  56:../../src/kernel/source/nrk_idle_task.c **** 	    nrk_sleep();
 172               	.LM7:
 173 0026 0E94 0000 		call nrk_sleep
 174               	.L6:
  57:../../src/kernel/source/nrk_idle_task.c **** 	#else
  58:../../src/kernel/source/nrk_idle_task.c **** 	    nrk_idle();
  59:../../src/kernel/source/nrk_idle_task.c **** 	#endif
  60:../../src/kernel/source/nrk_idle_task.c ****     }
  61:../../src/kernel/source/nrk_idle_task.c ****  
  62:../../src/kernel/source/nrk_idle_task.c **** #ifdef NRK_STACK_CHECK
  63:../../src/kernel/source/nrk_idle_task.c ****    if(nrk_idle_task_stk[0]!=STK_CANARY_VAL) nrk_error_add(NRK_STACK_SMASH);
 176               	.LM8:
 177 002a 8091 0000 		lds r24,nrk_idle_task_stk
 178 002e 8535      		cpi r24,lo8(85)
 179 0030 01F0      		breq .L7
 180 0032 88E0      		ldi r24,lo8(8)
 181 0034 0E94 0000 		call nrk_error_add
 182               	.L7:
  64:../../src/kernel/source/nrk_idle_task.c ****    #ifdef KERNEL_STK_ARRAY
  65:../../src/kernel/source/nrk_idle_task.c ****    	if(nrk_kernel_stk[0]!=STK_CANARY_VAL) nrk_error_add(NRK_STACK_SMASH);
  66:../../src/kernel/source/nrk_idle_task.c ****    #else
  67:../../src/kernel/source/nrk_idle_task.c ****    	stkc=(unsigned char*)(NRK_KERNEL_STK_TOP-NRK_KERNEL_STACKSIZE);
  68:../../src/kernel/source/nrk_idle_task.c ****    	if(*stkc!=STK_CANARY_VAL) nrk_error_add(NRK_STACK_SMASH);
 184               	.LM9:
 185 0038 8091 7E21 		lds r24,8574
 186 003c 8535      		cpi r24,lo8(85)
 187 003e 01F0      		breq .L14
 188 0040 88E0      		ldi r24,lo8(8)
 189 0042 0E94 0000 		call nrk_error_add
 190 0046 00C0      		rjmp .L14
 191               	/* epilogue: frame size=0 */
 192               	/* epilogue: noreturn */
 193               	/* epilogue end (size=0) */
 194               	/* function nrk_idle_task size 36 (36) */
 196               	.Lscope1:
 198               		.stabd	78,0,0
 199               		.comm _nrk_signal_list,4,1
 200               		.comm nrk_idle_task_stk,128,1
 201               		.comm nrk_kernel_stk_ptr,2,1
 202               		.comm error_task,1,1
 203               		.comm error_num,1,1
 204               		.comm _nrk_prev_timer_val,1,1
 205               		.comm _nrk_time_trigger,1,1
 206               		.comm app_timer0_callback,2,1
 207               		.comm app_timer0_prescale,1,1
 208               		.comm _nrk_cpu_state,1,1
 209               		.comm next_next_wakeup,2,1
 222               	.Letext0:
 223               	/* File "../../src/kernel/source/nrk_idle_task.c": code   36 = 0x0024 (  36), prologues   0, epilog
DEFINED SYMBOLS
                            *ABS*:0000000000000000 nrk_idle_task.c
/var/folders/Qq/QqLTHlelFveneFuzSoIahU+++TI/-Tmp-//cccAJ76S.s:2      *ABS*:000000000000003f __SREG__
/var/folders/Qq/QqLTHlelFveneFuzSoIahU+++TI/-Tmp-//cccAJ76S.s:3      *ABS*:000000000000003e __SP_H__
/var/folders/Qq/QqLTHlelFveneFuzSoIahU+++TI/-Tmp-//cccAJ76S.s:4      *ABS*:000000000000003d __SP_L__
/var/folders/Qq/QqLTHlelFveneFuzSoIahU+++TI/-Tmp-//cccAJ76S.s:5      *ABS*:0000000000000000 __tmp_reg__
/var/folders/Qq/QqLTHlelFveneFuzSoIahU+++TI/-Tmp-//cccAJ76S.s:6      *ABS*:0000000000000001 __zero_reg__
/var/folders/Qq/QqLTHlelFveneFuzSoIahU+++TI/-Tmp-//cccAJ76S.s:137    .text:0000000000000000 nrk_idle_task
                            *COM*:0000000000000001 _nrk_cpu_state
                            *COM*:0000000000000080 nrk_idle_task_stk
                            *COM*:0000000000000004 _nrk_signal_list
                            *COM*:0000000000000002 nrk_kernel_stk_ptr
                            *COM*:0000000000000001 error_task
                            *COM*:0000000000000001 error_num
                            *COM*:0000000000000001 _nrk_prev_timer_val
                            *COM*:0000000000000001 _nrk_time_trigger
                            *COM*:0000000000000002 app_timer0_callback
                            *COM*:0000000000000001 app_timer0_prescale
                            *COM*:0000000000000002 next_next_wakeup

UNDEFINED SYMBOLS
__do_copy_data
__do_clear_bss
nrk_stack_check
_nrk_get_next_wakeup
nrk_idle
nrk_spin_wait_us
nrk_sleep
nrk_error_add
